12:28:10.827 [main] INFO  testCases.TC_001_Account_Registration - Starting TC_001_account_Registration TEST.... 
12:28:10.922 [main] INFO  testCases.TC_001_Account_Registration - registration link clicked.... 
12:28:12.149 [main] INFO  testCases.TC_001_Account_Registration - public policy start.... 
12:28:15.193 [main] INFO  testCases.TC_001_Account_Registration - public policy end.... 
12:28:15.228 [main] INFO  testCases.TC_001_Account_Registration - clicked on continue.... 
12:28:16.403 [main] INFO  testCases.TC_001_Account_Registration - verifying msgs.... 
12:28:16.408 [main] INFO  testCases.TC_001_Account_Registration - Finished  TC_001_account_Registration TEST.... 
12:51:13.610 [main] INFO  testCases.TC_001_Account_Registration - Starting TC_001_account_Registration TEST.... 
12:51:13.694 [main] INFO  testCases.TC_001_Account_Registration - registration link clicked.... 
12:51:14.671 [main] INFO  testCases.TC_001_Account_Registration - public policy start.... 
12:51:17.701 [main] INFO  testCases.TC_001_Account_Registration - public policy end.... 
12:51:17.735 [main] INFO  testCases.TC_001_Account_Registration - clicked on continue.... 
12:51:18.765 [main] INFO  testCases.TC_001_Account_Registration - verifying message.... 
12:51:18.768 [main] INFO  testCases.TC_001_Account_Registration - Finished  TC_001_account_Registration TEST.... 
12:51:49.891 [main] INFO  testCases.TC_001_Account_Registration - Starting TC_001_account_Registration TEST.... 
12:51:49.981 [main] INFO  testCases.TC_001_Account_Registration - registration link clicked.... 
12:51:50.886 [main] INFO  testCases.TC_001_Account_Registration - public policy start.... 
12:51:53.921 [main] INFO  testCases.TC_001_Account_Registration - public policy end.... 
12:51:53.946 [main] INFO  testCases.TC_001_Account_Registration - clicked on continue.... 
12:51:54.919 [main] INFO  testCases.TC_001_Account_Registration - verifying message.... 
12:51:54.924 [main] INFO  testCases.TC_001_Account_Registration - Finished  TC_001_account_Registration TEST.... 
13:07:08.502 [main] INFO  testCases.TC_001_Account_Registration - Starting TC_001_account_Registration TEST.... 
13:07:08.587 [main] INFO  testCases.TC_001_Account_Registration - registration link clicked.... 
13:07:09.473 [main] INFO  testCases.TC_001_Account_Registration - public policy start.... 
13:07:12.508 [main] INFO  testCases.TC_001_Account_Registration - public policy end.... 
13:07:12.533 [main] INFO  testCases.TC_001_Account_Registration - clicked on continue.... 
13:07:13.535 [main] INFO  testCases.TC_001_Account_Registration - verifying message.... 
13:07:13.540 [main] INFO  testCases.TC_001_Account_Registration - Finished  TC_001_account_Registration TEST.... 
13:24:38.932 [main] INFO  testCases.TC_001_Account_Registration - Starting TC_001_account_Registration TEST.... 
13:24:39.024 [main] INFO  testCases.TC_001_Account_Registration - registration link clicked.... 
13:24:39.942 [main] INFO  testCases.TC_001_Account_Registration - public policy start.... 
13:24:42.980 [main] INFO  testCases.TC_001_Account_Registration - public policy end.... 
13:24:43.007 [main] INFO  testCases.TC_001_Account_Registration - clicked on continue.... 
13:24:44.004 [main] INFO  testCases.TC_001_Account_Registration - verifying message.... 
13:24:44.008 [main] INFO  testCases.TC_001_Account_Registration - Finished  TC_001_account_Registration TEST.... 
13:24:49.286 [main] INFO  testCases.TC_001_Account_Registration - Starting TC_001_account_Registration TEST.... 
13:24:49.386 [main] INFO  testCases.TC_001_Account_Registration - registration link clicked.... 
13:24:50.339 [main] INFO  testCases.TC_001_Account_Registration - public policy start.... 
13:24:53.370 [main] INFO  testCases.TC_001_Account_Registration - public policy end.... 
13:24:53.401 [main] INFO  testCases.TC_001_Account_Registration - clicked on continue.... 
13:24:54.254 [main] INFO  testCases.TC_001_Account_Registration - verifying message.... 
13:24:54.254 [main] INFO  testCases.TC_001_Account_Registration - Finished  TC_001_account_Registration TEST.... 
13:32:15.571 [main] INFO  testCases.TC_001_Account_Registration - Starting TC_001_account_Registration TEST.... 
13:32:15.633 [main] INFO  testCases.TC_001_Account_Registration - registration link clicked.... 
13:32:16.255 [main] INFO  testCases.TC_001_Account_Registration - public policy start.... 
13:32:19.292 [main] INFO  testCases.TC_001_Account_Registration - public policy end.... 
13:32:19.311 [main] INFO  testCases.TC_001_Account_Registration - clicked on continue.... 
13:32:19.872 [main] INFO  testCases.TC_001_Account_Registration - verifying message.... 
13:32:19.873 [main] INFO  testCases.TC_001_Account_Registration - Finished  TC_001_account_Registration TEST.... 
13:32:39.968 [main] INFO  testCases.TC_001_Account_Registration - Starting TC_001_account_Registration TEST.... 
13:32:40.031 [main] INFO  testCases.TC_001_Account_Registration - registration link clicked.... 
13:32:40.642 [main] INFO  testCases.TC_001_Account_Registration - public policy start.... 
13:32:43.685 [main] INFO  testCases.TC_001_Account_Registration - public policy end.... 
13:32:43.704 [main] INFO  testCases.TC_001_Account_Registration - clicked on continue.... 
13:32:44.290 [main] INFO  testCases.TC_001_Account_Registration - verifying message.... 
13:32:44.292 [main] INFO  testCases.TC_001_Account_Registration - Finished  TC_001_account_Registration TEST.... 
13:32:46.045 [main] INFO  testCases.TC_001_Account_Registration - Starting TC_001_account_Registration TEST.... 
13:32:46.121 [main] INFO  testCases.TC_001_Account_Registration - registration link clicked.... 
13:32:46.695 [main] INFO  testCases.TC_001_Account_Registration - public policy start.... 
13:32:49.751 [main] INFO  testCases.TC_001_Account_Registration - public policy end.... 
13:32:49.769 [main] INFO  testCases.TC_001_Account_Registration - clicked on continue.... 
13:32:50.336 [main] INFO  testCases.TC_001_Account_Registration - verifying message.... 
13:32:50.336 [main] INFO  testCases.TC_001_Account_Registration - Finished  TC_001_account_Registration TEST.... 
14:27:15.610 [main] INFO  testCases.TC_001_Account_Registration - Starting TC_001_account_Registration TEST.... 
14:27:15.677 [main] INFO  testCases.TC_001_Account_Registration - registration link clicked.... 
14:27:16.404 [main] INFO  testCases.TC_001_Account_Registration - public policy start.... 
14:27:19.454 [main] INFO  testCases.TC_001_Account_Registration - public policy end.... 
14:27:19.472 [main] INFO  testCases.TC_001_Account_Registration - clicked on continue.... 
14:27:20.183 [main] INFO  testCases.TC_001_Account_Registration - verifying message.... 
14:27:20.185 [main] INFO  testCases.TC_001_Account_Registration - Finished  TC_001_account_Registration TEST.... 
19:23:09.105 [main] INFO  testCases.TC_001_Account_Registration - Starting TC_001_account_Registration TEST.... 
19:23:09.177 [main] INFO  testCases.TC_001_Account_Registration - registration link clicked.... 
19:23:09.873 [main] INFO  testCases.TC_001_Account_Registration - public policy start.... 
19:23:12.906 [main] INFO  testCases.TC_001_Account_Registration - public policy end.... 
19:23:12.928 [main] INFO  testCases.TC_001_Account_Registration - clicked on continue.... 
19:23:13.433 [main] INFO  testCases.TC_001_Account_Registration - verifying message.... 
19:23:13.437 [main] INFO  testCases.TC_001_Account_Registration - Finished  TC_001_account_Registration TEST.... 
19:25:56.354 [main] INFO  testCases.TC_001_Account_Registration - Starting TC_001_account_Registration TEST.... 
19:25:56.446 [main] INFO  testCases.TC_001_Account_Registration - registration link clicked.... 
19:28:22.663 [main] INFO  testCases.TC_001_Account_Registration - Starting TC_001_account_Registration TEST.... 
19:28:22.744 [main] INFO  testCases.TC_001_Account_Registration - registration link clicked.... 
19:28:23.438 [main] INFO  testCases.TC_001_Account_Registration - public policy start.... 
19:28:26.467 [main] INFO  testCases.TC_001_Account_Registration - public policy end.... 
19:28:26.491 [main] INFO  testCases.TC_001_Account_Registration - clicked on continue.... 
19:28:26.993 [main] INFO  testCases.TC_001_Account_Registration - verifying message.... 
19:28:26.994 [main] INFO  testCases.TC_001_Account_Registration - Finished  TC_001_account_Registration TEST.... 
19:29:36.532 [main] INFO  testCases.TC_001_Account_Registration - Starting TC_001_account_Registration TEST.... 
19:29:36.619 [main] INFO  testCases.TC_001_Account_Registration - registration link clicked.... 
19:29:37.318 [main] INFO  testCases.TC_001_Account_Registration - public policy start.... 
19:29:40.352 [main] INFO  testCases.TC_001_Account_Registration - public policy end.... 
19:29:40.377 [main] INFO  testCases.TC_001_Account_Registration - clicked on continue.... 
19:29:50.431 [main] INFO  testCases.TC_001_Account_Registration - verifying message.... 
20:47:37.814 [main] INFO  testCases.TC_001_Account_Registration - Starting TC_001_account_Registration TEST.... 
20:47:37.940 [main] INFO  testCases.TC_001_Account_Registration - registration link clicked.... 
20:47:38.613 [main] INFO  testCases.TC_001_Account_Registration - public policy start.... 
20:47:41.643 [main] INFO  testCases.TC_001_Account_Registration - public policy end.... 
20:47:41.663 [main] INFO  testCases.TC_001_Account_Registration - clicked on continue.... 
20:47:42.182 [main] INFO  testCases.TC_001_Account_Registration - verifying message.... 
20:47:42.188 [main] INFO  testCases.TC_001_Account_Registration - Finished  TC_001_account_Registration TEST.... 
20:50:06.242 [main] INFO  testCases.TC_002_LoginTest - *****Starting TC_002_LoginTest*****
20:50:06.338 [main] INFO  testCases.TC_002_LoginTest - Clicked on my account
20:50:06.788 [main] INFO  testCases.TC_002_LoginTest - Clicked on login link
20:50:06.791 [main] INFO  testCases.TC_002_LoginTest - Providing login details
20:50:07.061 [main] INFO  testCases.TC_002_LoginTest - Clicked on login button
20:50:07.527 [main] INFO  testCases.TC_002_LoginTest - *****Finish TC_002_LoginTest*****
21:56:45.645 [main] INFO  testCases.TC_003_LoginDataDrivenTest - *****Starting TC_003_LoginDDT*****
21:56:45.728 [main] INFO  testCases.TC_003_LoginDataDrivenTest - Clicked on my account
21:56:46.231 [main] INFO  testCases.TC_003_LoginDataDrivenTest - Clicked on login link
21:56:46.234 [main] INFO  testCases.TC_003_LoginDataDrivenTest - Providing login details
21:56:46.489 [main] INFO  testCases.TC_003_LoginDataDrivenTest - Clicked on login button
21:56:47.461 [main] INFO  testCases.TC_003_LoginDataDrivenTest - *****Finish TC_003_LoginDDT*****
21:56:47.485 [main] INFO  testCases.TC_003_LoginDataDrivenTest - *****Starting TC_003_LoginDDT*****
21:56:47.539 [main] INFO  testCases.TC_003_LoginDataDrivenTest - Clicked on my account
21:56:47.889 [main] INFO  testCases.TC_003_LoginDataDrivenTest - Clicked on login link
21:56:47.889 [main] INFO  testCases.TC_003_LoginDataDrivenTest - Providing login details
21:56:48.141 [main] INFO  testCases.TC_003_LoginDataDrivenTest - Clicked on login button
21:56:58.188 [main] INFO  testCases.TC_003_LoginDataDrivenTest - *****Finish TC_003_LoginDDT*****
21:56:58.194 [main] INFO  testCases.TC_003_LoginDataDrivenTest - *****Starting TC_003_LoginDDT*****
21:56:58.267 [main] INFO  testCases.TC_003_LoginDataDrivenTest - Clicked on my account
21:56:58.655 [main] INFO  testCases.TC_003_LoginDataDrivenTest - Clicked on login link
21:56:58.656 [main] INFO  testCases.TC_003_LoginDataDrivenTest - Providing login details
21:56:58.938 [main] INFO  testCases.TC_003_LoginDataDrivenTest - Clicked on login button
21:57:08.971 [main] INFO  testCases.TC_003_LoginDataDrivenTest - *****Finish TC_003_LoginDDT*****
21:57:08.982 [main] INFO  testCases.TC_003_LoginDataDrivenTest - *****Starting TC_003_LoginDDT*****
21:57:09.064 [main] INFO  testCases.TC_003_LoginDataDrivenTest - Clicked on my account
21:57:09.497 [main] INFO  testCases.TC_003_LoginDataDrivenTest - Clicked on login link
21:57:09.499 [main] INFO  testCases.TC_003_LoginDataDrivenTest - Providing login details
21:57:09.742 [main] INFO  testCases.TC_003_LoginDataDrivenTest - Clicked on login button
21:57:19.757 [main] INFO  testCases.TC_003_LoginDataDrivenTest - *****Finish TC_003_LoginDDT*****
21:57:19.760 [main] INFO  testCases.TC_003_LoginDataDrivenTest - *****Starting TC_003_LoginDDT*****
21:57:19.837 [main] INFO  testCases.TC_003_LoginDataDrivenTest - Clicked on my account
21:57:20.235 [main] INFO  testCases.TC_003_LoginDataDrivenTest - Clicked on login link
21:57:20.237 [main] INFO  testCases.TC_003_LoginDataDrivenTest - Providing login details
21:57:20.520 [main] INFO  testCases.TC_003_LoginDataDrivenTest - Clicked on login button
21:57:21.353 [main] INFO  testCases.TC_003_LoginDataDrivenTest - *****Finish TC_003_LoginDDT*****
22:22:10.062 [main] INFO  testCases.TC_001_Account_Registration - Starting TC_001_account_Registration TEST.... 
22:22:10.142 [main] INFO  testCases.TC_001_Account_Registration - registration link clicked.... 
22:22:10.943 [main] INFO  testCases.TC_001_Account_Registration - public policy start.... 
22:22:13.982 [main] INFO  testCases.TC_001_Account_Registration - public policy end.... 
22:22:14.007 [main] INFO  testCases.TC_001_Account_Registration - clicked on continue.... 
22:22:14.638 [main] INFO  testCases.TC_001_Account_Registration - verifying message.... 
22:22:14.644 [main] INFO  testCases.TC_001_Account_Registration - Finished  TC_001_account_Registration TEST.... 
22:22:16.597 [main] INFO  testCases.TC_002_LoginTest - *****Starting TC_002_LoginTest*****
22:22:16.672 [main] INFO  testCases.TC_002_LoginTest - Clicked on my account
22:22:17.101 [main] INFO  testCases.TC_002_LoginTest - Clicked on login link
22:22:17.103 [main] INFO  testCases.TC_002_LoginTest - Providing login details
22:22:17.333 [main] INFO  testCases.TC_002_LoginTest - Clicked on login button
22:22:17.828 [main] INFO  testCases.TC_002_LoginTest - *****Finish TC_002_LoginTest*****
22:24:08.228 [main] INFO  testCases.TC_002_LoginTest - *****Starting TC_002_LoginTest*****
22:24:08.338 [main] INFO  testCases.TC_002_LoginTest - Clicked on my account
22:24:08.745 [main] INFO  testCases.TC_002_LoginTest - Clicked on login link
22:24:08.746 [main] INFO  testCases.TC_002_LoginTest - Providing login details
22:24:08.975 [main] INFO  testCases.TC_002_LoginTest - Clicked on login button
22:24:09.435 [main] INFO  testCases.TC_002_LoginTest - *****Finish TC_002_LoginTest*****
22:36:56.514 [main] INFO  testCases.TC_001_Account_Registration - Starting TC_001_account_Registration TEST.... 
22:36:56.598 [main] INFO  testCases.TC_001_Account_Registration - registration link clicked.... 
22:36:57.379 [main] INFO  testCases.TC_001_Account_Registration - public policy start.... 
22:37:00.411 [main] INFO  testCases.TC_001_Account_Registration - public policy end.... 
22:37:00.433 [main] INFO  testCases.TC_001_Account_Registration - clicked on continue.... 
22:37:00.964 [main] INFO  testCases.TC_001_Account_Registration - verifying message.... 
22:37:03.084 [main] INFO  testCases.TC_002_LoginTest - *****Starting TC_002_LoginTest*****
22:37:03.167 [main] INFO  testCases.TC_002_LoginTest - Clicked on my account
22:37:03.626 [main] INFO  testCases.TC_002_LoginTest - Clicked on login link
22:37:03.628 [main] INFO  testCases.TC_002_LoginTest - Providing login details
22:37:03.870 [main] INFO  testCases.TC_002_LoginTest - Clicked on login button
22:37:04.322 [main] INFO  testCases.TC_002_LoginTest - *****Finish TC_002_LoginTest*****
22:39:33.266 [main] INFO  testCases.TC_001_Account_Registration - Starting TC_001_account_Registration TEST.... 
22:39:33.346 [main] INFO  testCases.TC_001_Account_Registration - registration link clicked.... 
22:39:34.053 [main] INFO  testCases.TC_001_Account_Registration - public policy start.... 
22:39:37.079 [main] INFO  testCases.TC_001_Account_Registration - public policy end.... 
22:39:37.103 [main] INFO  testCases.TC_001_Account_Registration - clicked on continue.... 
22:39:37.627 [main] INFO  testCases.TC_001_Account_Registration - verifying message.... 
22:39:37.631 [main] INFO  testCases.TC_001_Account_Registration - Finished  TC_001_account_Registration TEST.... 
08:32:18.838 [main] INFO  testCases.TC_001_Account_Registration - Starting TC_001_account_Registration TEST.... 
08:32:18.915 [main] INFO  testCases.TC_001_Account_Registration - registration link clicked.... 
08:32:19.539 [main] INFO  testCases.TC_001_Account_Registration - public policy start.... 
08:32:22.581 [main] INFO  testCases.TC_001_Account_Registration - public policy end.... 
08:32:22.603 [main] INFO  testCases.TC_001_Account_Registration - clicked on continue.... 
08:32:22.996 [main] INFO  testCases.TC_001_Account_Registration - verifying message.... 
08:32:22.998 [main] INFO  testCases.TC_001_Account_Registration - Finished  TC_001_account_Registration TEST.... 
08:32:24.618 [main] INFO  testCases.TC_002_LoginTest - *****Starting TC_002_LoginTest*****
08:32:24.680 [main] INFO  testCases.TC_002_LoginTest - Clicked on my account
08:32:25.019 [main] INFO  testCases.TC_002_LoginTest - Clicked on login link
08:32:25.020 [main] INFO  testCases.TC_002_LoginTest - Providing login details
08:32:25.205 [main] INFO  testCases.TC_002_LoginTest - Clicked on login button
08:32:25.554 [main] INFO  testCases.TC_002_LoginTest - *****Finish TC_002_LoginTest*****
09:27:00.721 [main] INFO  testCases.TC_001_Account_Registration - Starting TC_001_account_Registration TEST.... 
09:27:00.814 [main] INFO  testCases.TC_001_Account_Registration - registration link clicked.... 
09:27:01.527 [main] INFO  testCases.TC_001_Account_Registration - public policy start.... 
09:27:04.573 [main] INFO  testCases.TC_001_Account_Registration - public policy end.... 
09:27:04.605 [main] INFO  testCases.TC_001_Account_Registration - clicked on continue.... 
09:27:05.100 [main] INFO  testCases.TC_001_Account_Registration - verifying message.... 
09:27:05.104 [main] INFO  testCases.TC_001_Account_Registration - Finished  TC_001_account_Registration TEST.... 
09:27:07.242 [main] INFO  testCases.TC_002_LoginTest - *****Starting TC_002_LoginTest*****
09:27:07.309 [main] INFO  testCases.TC_002_LoginTest - Clicked on my account
09:27:07.701 [main] INFO  testCases.TC_002_LoginTest - Clicked on login link
09:27:07.703 [main] INFO  testCases.TC_002_LoginTest - Providing login details
09:27:07.934 [main] INFO  testCases.TC_002_LoginTest - Clicked on login button
09:27:08.345 [main] INFO  testCases.TC_002_LoginTest - *****Finish TC_002_LoginTest*****
